2018-06-05 00:03:05  [ main:0 ] - [ INFO ]  begin
2018-06-05 00:03:05  [ main:94 ] - [ DEBUG ]  Logging initialized using 'class org.apache.ibatis.logging.log4j.Log4jImpl' adapter.
2018-06-05 00:03:05  [ main:213 ] - [ DEBUG ]  PooledDataSource forcefully closed/removed all connections.
2018-06-05 00:03:05  [ main:214 ] - [ DEBUG ]  PooledDataSource forcefully closed/removed all connections.
2018-06-05 00:03:05  [ main:214 ] - [ DEBUG ]  PooledDataSource forcefully closed/removed all connections.
2018-06-05 00:03:05  [ main:215 ] - [ DEBUG ]  PooledDataSource forcefully closed/removed all connections.
2018-06-05 00:03:05  [ main:312 ] - [ DEBUG ]  Opening JDBC Connection
2018-06-05 00:03:06  [ main:832 ] - [ DEBUG ]  Created connection 225909961.
2018-06-05 00:03:06  [ main:833 ] - [ DEBUG ]  Setting autocommit to false on JDBC Connection [com.mysql.cj.jdbc.ConnectionImpl@d771cc9]
2018-06-05 00:03:06  [ main:835 ] - [ DEBUG ]  ==>  Preparing: select * from user where id=? 
2018-06-05 00:03:06  [ main:883 ] - [ DEBUG ]  ==> Parameters: 1(Integer)
2018-06-05 00:03:06  [ main:946 ] - [ DEBUG ]  <==      Total: 1
2018-06-05 00:03:06  [ main:950 ] - [ DEBUG ]  ==>  Preparing: select * from user 
2018-06-05 00:03:06  [ main:951 ] - [ DEBUG ]  ==> Parameters: 
2018-06-05 00:03:06  [ main:953 ] - [ DEBUG ]  <==      Total: 2
2018-06-05 00:03:06  [ main:979 ] - [ DEBUG ]  ==>  Preparing: select * from im_excel_mysql_table_rel 
2018-06-05 00:03:06  [ main:981 ] - [ DEBUG ]  ==> Parameters: 
2018-06-05 00:03:06  [ main:990 ] - [ DEBUG ]  <==      Total: 16
2018-06-05 00:03:32  [ main:0 ] - [ INFO ]  begin
2018-06-05 00:03:32  [ main:99 ] - [ DEBUG ]  Logging initialized using 'class org.apache.ibatis.logging.log4j.Log4jImpl' adapter.
2018-06-05 00:03:32  [ main:225 ] - [ DEBUG ]  PooledDataSource forcefully closed/removed all connections.
2018-06-05 00:03:32  [ main:226 ] - [ DEBUG ]  PooledDataSource forcefully closed/removed all connections.
2018-06-05 00:03:32  [ main:227 ] - [ DEBUG ]  PooledDataSource forcefully closed/removed all connections.
2018-06-05 00:03:32  [ main:227 ] - [ DEBUG ]  PooledDataSource forcefully closed/removed all connections.
2018-06-05 00:03:32  [ main:317 ] - [ DEBUG ]  Opening JDBC Connection
2018-06-05 00:03:32  [ main:753 ] - [ DEBUG ]  Created connection 598357562.
2018-06-05 00:03:32  [ main:754 ] - [ DEBUG ]  Setting autocommit to false on JDBC Connection [com.mysql.cj.jdbc.ConnectionImpl@23aa363a]
2018-06-05 00:03:32  [ main:756 ] - [ DEBUG ]  ==>  Preparing: select * from user where id=? 
2018-06-05 00:03:32  [ main:802 ] - [ DEBUG ]  ==> Parameters: 1(Integer)
2018-06-05 00:03:32  [ main:849 ] - [ DEBUG ]  <==      Total: 1
2018-06-05 00:03:32  [ main:852 ] - [ DEBUG ]  ==>  Preparing: select * from user 
2018-06-05 00:03:32  [ main:852 ] - [ DEBUG ]  ==> Parameters: 
2018-06-05 00:03:32  [ main:854 ] - [ DEBUG ]  <==      Total: 2
2018-06-05 00:03:33  [ main:879 ] - [ DEBUG ]  ==>  Preparing: select * from im_excel_mysql_table_rel 
2018-06-05 00:03:33  [ main:881 ] - [ DEBUG ]  ==> Parameters: 
2018-06-05 00:03:33  [ main:888 ] - [ DEBUG ]  <==      Total: 16
2018-06-05 00:06:20  [ main:0 ] - [ INFO ]  begin
2018-06-05 00:06:20  [ main:148 ] - [ DEBUG ]  Logging initialized using 'class org.apache.ibatis.logging.log4j.Log4jImpl' adapter.
2018-06-05 00:06:20  [ main:290 ] - [ DEBUG ]  PooledDataSource forcefully closed/removed all connections.
2018-06-05 00:06:20  [ main:291 ] - [ DEBUG ]  PooledDataSource forcefully closed/removed all connections.
2018-06-05 00:06:20  [ main:291 ] - [ DEBUG ]  PooledDataSource forcefully closed/removed all connections.
2018-06-05 00:06:20  [ main:292 ] - [ DEBUG ]  PooledDataSource forcefully closed/removed all connections.
2018-06-05 00:06:20  [ main:408 ] - [ DEBUG ]  Opening JDBC Connection
2018-06-05 00:06:21  [ main:857 ] - [ DEBUG ]  Created connection 598357562.
2018-06-05 00:06:21  [ main:857 ] - [ DEBUG ]  Setting autocommit to false on JDBC Connection [com.mysql.cj.jdbc.ConnectionImpl@23aa363a]
2018-06-05 00:06:21  [ main:859 ] - [ DEBUG ]  ==>  Preparing: select * from user where id=? 
2018-06-05 00:06:21  [ main:905 ] - [ DEBUG ]  ==> Parameters: 1(Integer)
2018-06-05 00:06:21  [ main:944 ] - [ DEBUG ]  <==      Total: 1
2018-06-05 00:06:21  [ main:947 ] - [ DEBUG ]  ==>  Preparing: select * from user 
2018-06-05 00:06:21  [ main:947 ] - [ DEBUG ]  ==> Parameters: 
2018-06-05 00:06:21  [ main:950 ] - [ DEBUG ]  <==      Total: 2
2018-06-05 00:06:21  [ main:974 ] - [ DEBUG ]  ==>  Preparing: select * from im_excel_mysql_table_rel 
2018-06-05 00:06:21  [ main:977 ] - [ DEBUG ]  ==> Parameters: 
2018-06-05 00:06:21  [ main:983 ] - [ DEBUG ]  <==      Total: 16
2018-06-05 00:08:03  [ main:0 ] - [ INFO ]  begin
2018-06-05 00:08:03  [ main:109 ] - [ DEBUG ]  Logging initialized using 'class org.apache.ibatis.logging.log4j.Log4jImpl' adapter.
2018-06-05 00:08:03  [ main:240 ] - [ DEBUG ]  PooledDataSource forcefully closed/removed all connections.
2018-06-05 00:08:03  [ main:242 ] - [ DEBUG ]  PooledDataSource forcefully closed/removed all connections.
2018-06-05 00:08:03  [ main:242 ] - [ DEBUG ]  PooledDataSource forcefully closed/removed all connections.
2018-06-05 00:08:03  [ main:243 ] - [ DEBUG ]  PooledDataSource forcefully closed/removed all connections.
2018-06-05 00:08:03  [ main:363 ] - [ DEBUG ]  Opening JDBC Connection
2018-06-05 00:08:04  [ main:880 ] - [ DEBUG ]  Created connection 1593224710.
2018-06-05 00:08:04  [ main:881 ] - [ DEBUG ]  Setting autocommit to false on JDBC Connection [com.mysql.cj.jdbc.ConnectionImpl@5ef6ae06]
2018-06-05 00:08:04  [ main:883 ] - [ DEBUG ]  ==>  Preparing: select * from user where id=? 
2018-06-05 00:08:04  [ main:933 ] - [ DEBUG ]  ==> Parameters: 1(Integer)
2018-06-05 00:08:04  [ main:977 ] - [ DEBUG ]  <==      Total: 1
2018-06-05 00:08:04  [ main:980 ] - [ DEBUG ]  ==>  Preparing: select * from user 
2018-06-05 00:08:04  [ main:981 ] - [ DEBUG ]  ==> Parameters: 
2018-06-05 00:08:04  [ main:983 ] - [ DEBUG ]  <==      Total: 2
2018-06-05 00:08:04  [ main:1009 ] - [ DEBUG ]  ==>  Preparing: select * from im_excel_mysql_table_rel 
2018-06-05 00:08:04  [ main:1011 ] - [ DEBUG ]  ==> Parameters: 
2018-06-05 00:08:04  [ main:1018 ] - [ DEBUG ]  <==      Total: 16
2018-06-05 00:08:17  [ main:0 ] - [ INFO ]  begin
2018-06-05 00:08:17  [ main:91 ] - [ DEBUG ]  Logging initialized using 'class org.apache.ibatis.logging.log4j.Log4jImpl' adapter.
2018-06-05 00:08:17  [ main:192 ] - [ DEBUG ]  PooledDataSource forcefully closed/removed all connections.
2018-06-05 00:08:17  [ main:192 ] - [ DEBUG ]  PooledDataSource forcefully closed/removed all connections.
2018-06-05 00:08:17  [ main:192 ] - [ DEBUG ]  PooledDataSource forcefully closed/removed all connections.
2018-06-05 00:08:17  [ main:193 ] - [ DEBUG ]  PooledDataSource forcefully closed/removed all connections.
2018-06-05 00:08:17  [ main:276 ] - [ DEBUG ]  Opening JDBC Connection
2018-06-05 00:08:18  [ main:678 ] - [ DEBUG ]  Created connection 1593165620.
2018-06-05 00:08:18  [ main:679 ] - [ DEBUG ]  Setting autocommit to false on JDBC Connection [com.mysql.cj.jdbc.ConnectionImpl@5ef5c734]
2018-06-05 00:08:18  [ main:682 ] - [ DEBUG ]  ==>  Preparing: select * from user where id=? 
2018-06-05 00:08:18  [ main:732 ] - [ DEBUG ]  ==> Parameters: 1(Integer)
2018-06-05 00:08:18  [ main:775 ] - [ DEBUG ]  <==      Total: 1
2018-06-05 00:08:18  [ main:778 ] - [ DEBUG ]  ==>  Preparing: select * from user 
2018-06-05 00:08:18  [ main:778 ] - [ DEBUG ]  ==> Parameters: 
2018-06-05 00:08:18  [ main:781 ] - [ DEBUG ]  <==      Total: 2
2018-06-05 00:08:18  [ main:807 ] - [ DEBUG ]  ==>  Preparing: select * from im_excel_mysql_table_rel 
2018-06-05 00:08:18  [ main:808 ] - [ DEBUG ]  ==> Parameters: 
2018-06-05 00:08:18  [ main:813 ] - [ DEBUG ]  <==      Total: 16
2018-06-05 00:08:33  [ main:0 ] - [ INFO ]  begin
2018-06-05 00:08:33  [ main:101 ] - [ DEBUG ]  Logging initialized using 'class org.apache.ibatis.logging.log4j.Log4jImpl' adapter.
2018-06-05 00:08:33  [ main:207 ] - [ DEBUG ]  PooledDataSource forcefully closed/removed all connections.
2018-06-05 00:08:33  [ main:207 ] - [ DEBUG ]  PooledDataSource forcefully closed/removed all connections.
2018-06-05 00:08:33  [ main:208 ] - [ DEBUG ]  PooledDataSource forcefully closed/removed all connections.
2018-06-05 00:08:33  [ main:208 ] - [ DEBUG ]  PooledDataSource forcefully closed/removed all connections.
2018-06-05 00:08:33  [ main:297 ] - [ DEBUG ]  Opening JDBC Connection
2018-06-05 00:08:33  [ main:749 ] - [ DEBUG ]  Created connection 598357562.
2018-06-05 00:08:33  [ main:750 ] - [ DEBUG ]  Setting autocommit to false on JDBC Connection [com.mysql.cj.jdbc.ConnectionImpl@23aa363a]
2018-06-05 00:08:33  [ main:752 ] - [ DEBUG ]  ==>  Preparing: select * from user where id=? 
2018-06-05 00:08:33  [ main:797 ] - [ DEBUG ]  ==> Parameters: 1(Integer)
2018-06-05 00:08:34  [ main:833 ] - [ DEBUG ]  <==      Total: 1
2018-06-05 00:08:34  [ main:836 ] - [ DEBUG ]  ==>  Preparing: select * from user 
2018-06-05 00:08:34  [ main:836 ] - [ DEBUG ]  ==> Parameters: 
2018-06-05 00:08:34  [ main:839 ] - [ DEBUG ]  <==      Total: 2
2018-06-05 00:08:34  [ main:861 ] - [ DEBUG ]  ==>  Preparing: select * from im_excel_mysql_table_rel 
2018-06-05 00:08:34  [ main:862 ] - [ DEBUG ]  ==> Parameters: 
2018-06-05 00:08:34  [ main:867 ] - [ DEBUG ]  <==      Total: 16
2018-06-05 00:12:37  [ main:0 ] - [ INFO ]  begin
2018-06-05 00:12:37  [ main:111 ] - [ DEBUG ]  Logging initialized using 'class org.apache.ibatis.logging.log4j.Log4jImpl' adapter.
2018-06-05 00:12:37  [ main:223 ] - [ DEBUG ]  PooledDataSource forcefully closed/removed all connections.
2018-06-05 00:12:37  [ main:224 ] - [ DEBUG ]  PooledDataSource forcefully closed/removed all connections.
2018-06-05 00:12:37  [ main:224 ] - [ DEBUG ]  PooledDataSource forcefully closed/removed all connections.
2018-06-05 00:12:37  [ main:224 ] - [ DEBUG ]  PooledDataSource forcefully closed/removed all connections.
2018-06-05 00:12:37  [ main:318 ] - [ DEBUG ]  Opening JDBC Connection
2018-06-05 00:12:37  [ main:760 ] - [ DEBUG ]  Created connection 1593224710.
2018-06-05 00:12:37  [ main:761 ] - [ DEBUG ]  Setting autocommit to false on JDBC Connection [com.mysql.cj.jdbc.ConnectionImpl@5ef6ae06]
2018-06-05 00:12:37  [ main:763 ] - [ DEBUG ]  ==>  Preparing: select * from user where id=? 
2018-06-05 00:12:37  [ main:809 ] - [ DEBUG ]  ==> Parameters: 1(Integer)
2018-06-05 00:12:37  [ main:851 ] - [ DEBUG ]  <==      Total: 1
2018-06-05 00:12:37  [ main:853 ] - [ DEBUG ]  ==>  Preparing: select * from user 
2018-06-05 00:12:37  [ main:854 ] - [ DEBUG ]  ==> Parameters: 
2018-06-05 00:12:37  [ main:856 ] - [ DEBUG ]  <==      Total: 2
2018-06-05 00:12:37  [ main:879 ] - [ DEBUG ]  ==>  Preparing: select * from im_excel_mysql_table_rel 
2018-06-05 00:12:37  [ main:880 ] - [ DEBUG ]  ==> Parameters: 
2018-06-05 00:12:37  [ main:885 ] - [ DEBUG ]  <==      Total: 16
2018-06-05 00:21:20  [ main:0 ] - [ INFO ]  begin
2018-06-05 00:21:20  [ main:128 ] - [ DEBUG ]  Logging initialized using 'class org.apache.ibatis.logging.log4j.Log4jImpl' adapter.
2018-06-05 00:21:20  [ main:261 ] - [ DEBUG ]  PooledDataSource forcefully closed/removed all connections.
2018-06-05 00:21:20  [ main:262 ] - [ DEBUG ]  PooledDataSource forcefully closed/removed all connections.
2018-06-05 00:21:20  [ main:262 ] - [ DEBUG ]  PooledDataSource forcefully closed/removed all connections.
2018-06-05 00:21:20  [ main:262 ] - [ DEBUG ]  PooledDataSource forcefully closed/removed all connections.
2018-06-05 00:21:20  [ main:366 ] - [ DEBUG ]  Opening JDBC Connection
2018-06-05 00:21:21  [ main:810 ] - [ DEBUG ]  Created connection 598357562.
2018-06-05 00:21:21  [ main:811 ] - [ DEBUG ]  Setting autocommit to false on JDBC Connection [com.mysql.cj.jdbc.ConnectionImpl@23aa363a]
2018-06-05 00:21:21  [ main:813 ] - [ DEBUG ]  ==>  Preparing: select * from user where id=? 
2018-06-05 00:21:21  [ main:862 ] - [ DEBUG ]  ==> Parameters: 1(Integer)
2018-06-05 00:21:21  [ main:910 ] - [ DEBUG ]  <==      Total: 1
2018-06-05 00:21:21  [ main:913 ] - [ DEBUG ]  ==>  Preparing: select * from user 
2018-06-05 00:21:21  [ main:913 ] - [ DEBUG ]  ==> Parameters: 
2018-06-05 00:21:21  [ main:915 ] - [ DEBUG ]  <==      Total: 2
2018-06-05 00:21:21  [ main:941 ] - [ DEBUG ]  ==>  Preparing: select * from im_excel_mysql_table_rel 
2018-06-05 00:21:21  [ main:943 ] - [ DEBUG ]  ==> Parameters: 
2018-06-05 00:21:21  [ main:947 ] - [ DEBUG ]  <==      Total: 16
2018-06-05 00:33:29  [ main:0 ] - [ INFO ]  begin
2018-06-05 00:33:29  [ main:92 ] - [ DEBUG ]  Logging initialized using 'class org.apache.ibatis.logging.log4j.Log4jImpl' adapter.
2018-06-05 00:33:29  [ main:195 ] - [ DEBUG ]  PooledDataSource forcefully closed/removed all connections.
2018-06-05 00:33:29  [ main:196 ] - [ DEBUG ]  PooledDataSource forcefully closed/removed all connections.
2018-06-05 00:33:29  [ main:196 ] - [ DEBUG ]  PooledDataSource forcefully closed/removed all connections.
2018-06-05 00:33:29  [ main:196 ] - [ DEBUG ]  PooledDataSource forcefully closed/removed all connections.
2018-06-05 00:33:29  [ main:278 ] - [ DEBUG ]  Opening JDBC Connection
2018-06-05 00:33:30  [ main:676 ] - [ DEBUG ]  Created connection 1593165620.
2018-06-05 00:33:30  [ main:677 ] - [ DEBUG ]  Setting autocommit to false on JDBC Connection [com.mysql.cj.jdbc.ConnectionImpl@5ef5c734]
2018-06-05 00:33:30  [ main:680 ] - [ DEBUG ]  ==>  Preparing: select * from user where id=? 
2018-06-05 00:33:30  [ main:726 ] - [ DEBUG ]  ==> Parameters: 1(Integer)
2018-06-05 00:33:30  [ main:766 ] - [ DEBUG ]  <==      Total: 1
2018-06-05 00:33:30  [ main:768 ] - [ DEBUG ]  ==>  Preparing: select * from user 
2018-06-05 00:33:30  [ main:768 ] - [ DEBUG ]  ==> Parameters: 
2018-06-05 00:33:30  [ main:771 ] - [ DEBUG ]  <==      Total: 2
2018-06-05 00:33:30  [ main:796 ] - [ DEBUG ]  ==>  Preparing: select * from im_excel_mysql_table_rel 
2018-06-05 00:33:30  [ main:797 ] - [ DEBUG ]  ==> Parameters: 
2018-06-05 00:33:30  [ main:802 ] - [ DEBUG ]  <==      Total: 16
2018-06-05 00:33:37  [ main:0 ] - [ INFO ]  begin
2018-06-05 00:33:37  [ main:92 ] - [ DEBUG ]  Logging initialized using 'class org.apache.ibatis.logging.log4j.Log4jImpl' adapter.
2018-06-05 00:33:37  [ main:192 ] - [ DEBUG ]  PooledDataSource forcefully closed/removed all connections.
2018-06-05 00:33:37  [ main:193 ] - [ DEBUG ]  PooledDataSource forcefully closed/removed all connections.
2018-06-05 00:33:37  [ main:193 ] - [ DEBUG ]  PooledDataSource forcefully closed/removed all connections.
2018-06-05 00:33:37  [ main:194 ] - [ DEBUG ]  PooledDataSource forcefully closed/removed all connections.
2018-06-05 00:33:37  [ main:275 ] - [ DEBUG ]  Opening JDBC Connection
2018-06-05 00:33:37  [ main:687 ] - [ DEBUG ]  Created connection 1593165620.
2018-06-05 00:33:37  [ main:688 ] - [ DEBUG ]  Setting autocommit to false on JDBC Connection [com.mysql.cj.jdbc.ConnectionImpl@5ef5c734]
2018-06-05 00:33:37  [ main:690 ] - [ DEBUG ]  ==>  Preparing: select * from user where id=? 
2018-06-05 00:33:37  [ main:737 ] - [ DEBUG ]  ==> Parameters: 1(Integer)
2018-06-05 00:33:37  [ main:783 ] - [ DEBUG ]  <==      Total: 1
2018-06-05 00:33:37  [ main:786 ] - [ DEBUG ]  ==>  Preparing: select * from user 
2018-06-05 00:33:37  [ main:786 ] - [ DEBUG ]  ==> Parameters: 
2018-06-05 00:33:37  [ main:788 ] - [ DEBUG ]  <==      Total: 2
2018-06-05 00:33:37  [ main:811 ] - [ DEBUG ]  ==>  Preparing: select * from im_excel_mysql_table_rel 
2018-06-05 00:33:37  [ main:813 ] - [ DEBUG ]  ==> Parameters: 
2018-06-05 00:33:37  [ main:818 ] - [ DEBUG ]  <==      Total: 16
2018-06-05 00:33:46  [ main:0 ] - [ INFO ]  begin
2018-06-05 00:33:46  [ main:100 ] - [ DEBUG ]  Logging initialized using 'class org.apache.ibatis.logging.log4j.Log4jImpl' adapter.
2018-06-05 00:33:46  [ main:204 ] - [ DEBUG ]  PooledDataSource forcefully closed/removed all connections.
2018-06-05 00:33:46  [ main:205 ] - [ DEBUG ]  PooledDataSource forcefully closed/removed all connections.
2018-06-05 00:33:46  [ main:205 ] - [ DEBUG ]  PooledDataSource forcefully closed/removed all connections.
2018-06-05 00:33:46  [ main:206 ] - [ DEBUG ]  PooledDataSource forcefully closed/removed all connections.
2018-06-05 00:33:46  [ main:296 ] - [ DEBUG ]  Opening JDBC Connection
2018-06-05 00:33:46  [ main:742 ] - [ DEBUG ]  Created connection 598357562.
2018-06-05 00:33:46  [ main:743 ] - [ DEBUG ]  Setting autocommit to false on JDBC Connection [com.mysql.cj.jdbc.ConnectionImpl@23aa363a]
2018-06-05 00:33:46  [ main:745 ] - [ DEBUG ]  ==>  Preparing: select * from user where id=? 
2018-06-05 00:33:46  [ main:789 ] - [ DEBUG ]  ==> Parameters: 1(Integer)
2018-06-05 00:33:46  [ main:831 ] - [ DEBUG ]  <==      Total: 1
2018-06-05 00:33:46  [ main:834 ] - [ DEBUG ]  ==>  Preparing: select * from user 
2018-06-05 00:33:46  [ main:834 ] - [ DEBUG ]  ==> Parameters: 
2018-06-05 00:33:46  [ main:836 ] - [ DEBUG ]  <==      Total: 2
2018-06-05 00:33:46  [ main:859 ] - [ DEBUG ]  ==>  Preparing: select * from im_excel_mysql_table_rel 
2018-06-05 00:33:46  [ main:860 ] - [ DEBUG ]  ==> Parameters: 
2018-06-05 00:33:46  [ main:864 ] - [ DEBUG ]  <==      Total: 16
